0 info it worked if it ends with ok
1 verbose cli [ '/Users/prestl02/.nvm/versions/node/v4.0.0/bin/node',
1 verbose cli   '/Users/prestl02/.nvm/versions/node/v4.0.0/bin/npm',
1 verbose cli   'start' ]
2 info using npm@2.14.2
3 info using node@v4.0.0
4 verbose run-script [ 'prestart', 'start', 'poststart' ]
5 info prestart junit-viewer@3.3.2
6 info start junit-viewer@3.3.2
7 verbose unsafe-perm in lifecycle true
8 info junit-viewer@3.3.2 Failed to exec start script
9 verbose stack Error: junit-viewer@3.3.2 start: `./generate_view.js`
9 verbose stack Exit status 126
9 verbose stack     at EventEmitter.<anonymous> (/Users/prestl02/.nvm/versions/node/v4.0.0/lib/node_modules/npm/lib/utils/lifecycle.js:214:16)
9 verbose stack     at emitTwo (events.js:87:13)
9 verbose stack     at EventEmitter.emit (events.js:172:7)
9 verbose stack     at ChildProcess.<anonymous> (/Users/prestl02/.nvm/versions/node/v4.0.0/lib/node_modules/npm/lib/utils/spawn.js:24:14)
9 verbose stack     at emitTwo (events.js:87:13)
9 verbose stack     at ChildProcess.emit (events.js:172:7)
9 verbose stack     at maybeClose (internal/child_process.js:817:16)
9 verbose stack     at Process.ChildProcess._handle.onexit (internal/child_process.js:211:5)
10 verbose pkgid junit-viewer@3.3.2
11 verbose cwd /Users/prestl02/Projects/junit_viewer
12 error Darwin 12.6.0
13 error argv "/Users/prestl02/.nvm/versions/node/v4.0.0/bin/node" "/Users/prestl02/.nvm/versions/node/v4.0.0/bin/npm" "start"
14 error node v4.0.0
15 error npm  v2.14.2
16 error code ELIFECYCLE
17 error junit-viewer@3.3.2 start: `./generate_view.js`
17 error Exit status 126
18 error Failed at the junit-viewer@3.3.2 start script './generate_view.js'.
18 error This is most likely a problem with the junit-viewer package,
18 error not with npm itself.
18 error Tell the author that this fails on your system:
18 error     ./generate_view.js
18 error You can get their info via:
18 error     npm owner ls junit-viewer
18 error There is likely additional logging output above.
19 verbose exit [ 1, true ]
